<?xml version="1.0" encoding="UTF-8" ?>
<testsuite tests="9" failures="0" name="interview.exception.TestAccountException" time="0.361" errors="0" skipped="0">
  <properties>
    <property name="java.vendor" value="IBM Corporation"/>
    <property name="sun.java.launcher" value="SUN_STANDARD"/>
    <property name="os.name" value="Windows 7"/>
    <property name="sun.boot.class.path" value="D:\Installs\IBM_WebSphere\ibm_sdk80\jre\bin\compressedrefs\jclSC180\vm.jar;D:\Installs\IBM_WebSphere\ibm_sdk80\jre\lib\se-service.jar;D:\Installs\IBM_WebSphere\ibm_sdk80\jre\lib\cuda4j.jar;D:\Installs\IBM_WebSphere\ibm_sdk80\jre\lib\math.jar;D:\Installs\IBM_WebSphere\ibm_sdk80\jre\lib\ibmorb.jar;D:\Installs\IBM_WebSphere\ibm_sdk80\jre\lib\ibmorbapi.jar;D:\Installs\IBM_WebSphere\ibm_sdk80\jre\lib\ibmcfw.jar;D:\Installs\IBM_WebSphere\ibm_sdk80\jre\lib\ibmpkcs.jar;D:\Installs\IBM_WebSphere\ibm_sdk80\jre\lib\ibmcertpathfw.jar;D:\Installs\IBM_WebSphere\ibm_sdk80\jre\lib\ibmjgssfw.jar;D:\Installs\IBM_WebSphere\ibm_sdk80\jre\lib\ibmjssefw.jar;D:\Installs\IBM_WebSphere\ibm_sdk80\jre\lib\ibmsaslfw.jar;D:\Installs\IBM_WebSphere\ibm_sdk80\jre\lib\ibmjcefw.jar;D:\Installs\IBM_WebSphere\ibm_sdk80\jre\lib\ibmjgssprovider.jar;D:\Installs\IBM_WebSphere\ibm_sdk80\jre\lib\ibmjsseprovider2.jar;D:\Installs\IBM_WebSphere\ibm_sdk80\jre\lib\ibmcertpathprovider.jar;D:\Installs\IBM_WebSphere\ibm_sdk80\jre\lib\xmldsigfw.jar;D:\Installs\IBM_WebSphere\ibm_sdk80\jre\lib\xml.jar;D:\Installs\IBM_WebSphere\ibm_sdk80\jre\lib\charsets.jar;D:\Installs\IBM_WebSphere\ibm_sdk80\jre\lib\resources.jar;D:\Installs\IBM_WebSphere\ibm_sdk80\jre\lib\rt.jar;D:\Installs\IBM_WebSphere\ibm_sdk80\jre\lib\dataaccess.jar"/>
    <property name="sun.desktop" value="windows"/>
    <property name="java.vm.specification.vendor" value="Oracle Corporation"/>
    <property name="java.runtime.version" value="pwa6480sr3fp10-20160720_02 (SR3 FP10)"/>
    <property name="user.name" value="skuppuraju"/>
    <property name="java.compiler" value="j9jit28"/>
    <property name="os.encoding" value="UTF8"/>
    <property name="guice.disable.misplaced.annotation.check" value="true"/>
    <property name="com.ibm.util.extralibs.properties" value=""/>
    <property name="com.ibm.jcl.checkClassPath" value=""/>
    <property name="user.language" value="en"/>
    <property name="com.ibm.oti.vm.bootstrap.library.path" value="D:\Installs\IBM_WebSphere\ibm_sdk80\jre\bin\compressedrefs;D:\Installs\IBM_WebSphere\ibm_sdk80\jre\bin"/>
    <property name="sun.boot.library.path" value="D:\Installs\IBM_WebSphere\ibm_sdk80\jre\bin\compressedrefs;D:\Installs\IBM_WebSphere\ibm_sdk80\jre\bin"/>
    <property name="classworlds.conf" value="D:\JDSNWorkspace1\.metadata\.plugins\org.eclipse.m2e.launching\launches\m2conf5224607848215118095.tmp"/>
    <property name="java.version" value="1.8.0"/>
    <property name="user.timezone" value="America/Chicago"/>
    <property name="com.ibm.system.agent.path" value="D:\Installs\IBM_WebSphere\ibm_sdk80\jre\bin"/>
    <property name="sun.arch.data.model" value="64"/>
    <property name="com.ibm.zero.version" value="2"/>
    <property name="java.endorsed.dirs" value="D:\Installs\IBM_WebSphere\ibm_sdk80\jre\lib\endorsed"/>
    <property name="com.ibm.oti.vm.library.version" value="28"/>
    <property name="sun.jnu.encoding" value="Cp1252"/>
    <property name="file.encoding.pkg" value="sun.io"/>
    <property name="file.separator" value="\"/>
    <property name="java.specification.name" value="Java Platform API Specification"/>
    <property name="com.ibm.packed.version" value="2"/>
    <property name="java.class.version" value="52.0"/>
    <property name="user.country" value="US"/>
    <property name="java.home" value="D:\Installs\IBM_WebSphere\ibm_sdk80\jre"/>
    <property name="java.vm.info" value="JRE 1.8.0 Windows 7 amd64-64 Compressed References 20160719_312156 (JIT enabled, AOT enabled)
J9VM - R28_Java8_SR3_20160719_1144_B312156
JIT  - tr.r14.java_20160629_120284.01
GC   - R28_Java8_SR3_20160719_1144_B312156_CMPRSS
J9CL - 20160719_312156"/>
    <property name="os.version" value="6.1"/>
    <property name="path.separator" value=";"/>
    <property name="java.vm.version" value="2.8"/>
    <property name="user.variant" value=""/>
    <property name="java.awt.printerjob" value="sun.awt.windows.WPrinterJob"/>
    <property name="sun.io.unicode.encoding" value="UnicodeLittle"/>
    <property name="awt.toolkit" value="sun.awt.windows.WToolkit"/>
    <property name="ibm.signalhandling.sigint" value="true"/>
    <property name="user.home" value="C:\Users\skuppuraju"/>
    <property name="com.ibm.cpu.endian" value="little"/>
    <property name="java.specification.vendor" value="Oracle Corporation"/>
    <property name="ibm.signalhandling.sigchain" value="true"/>
    <property name="java.library.path" value="D:\Installs\IBM_WebSphere\ibm_sdk80\jre\bin\compressedrefs;D:\Installs\IBM_WebSphere\ibm_sdk80\jre\bin;C:\Windows\system32;C:\Windows;D:/Installs/IBM_WebSphere/ibm_sdk80/bin/../jre/bin/j9vm;D:/Installs/IBM_WebSphere/ibm_sdk80/bin/../jre/bin;D:/Installs/IBM_WebSphere/ibm_sdk80/bin/../jre/lib/amd64;D:\Installs\Android\sdk\platform-tools;D:\Installs\Oracle_12c\product\12.1.0\dbhome_1\bin;D:\Installs\IBM_WebSphere\ibm_sdk80\bin;C:\Windows\system32;C:\Windows;C:\Windows\system32\wbem;D:\Installs\apache-maven-3.2.3\bin;D:\Installs\cygwin\bin;C:\Sybase\DBISQL\bin;C:\Sybase\DataAccess64\ADONET\dll;C:\Sybase\DataAccess\ADONET\dll;C:\Sybase\DataAccess64\ODBC\dll;C:\Sybase\DataAccess\ODBC\dll;C:\Sybase\DataAccess64\OLEDB\dll;C:\Sybase\DataAccess\OLEDB\dll;C:\Sybase\OCS-15_0\lib3p64;C:\Sybase\OCS-15_0\lib3p;C:\Sybase\OCS-15_0\dll;C:\Sybase\OCS-15_0\bin;C:\ProgramData\Oracle\Java\javapath;C:\Program Files (x86)\Intel\iCLS Client;C:\Program Files\Intel\iCLS Client;C:\Windows\System32\WindowsPowerShell\v1.0;c:\Program Files (x86)\ATI Technologies\ATI.ACE\Core-Static;C:\Program Files\Intel\Intel(R) Management Engine Components\DAL;C:\Program Files\Intel\Intel(R) Management Engine Components\IPT;C:\Program Files (x86)\Intel\Intel(R) Management Engine Components\DAL;C:\Program Files (x86)\Intel\Intel(R) Management Engine Components\IPT;C:\Program Files\TortoiseSVN\bin;D:\Installs\apache-ant-1.9.4\bin;C:\Program Files (x86)\Skype\Phone;C:\Program Files\Intel\WiFi\bin\;C:\Program Files\Common Files\Intel\WirelessCommon\;C:\Program Files (x86)\Windows Kits\8.1\Windows Performance Toolkit\;C:\Program Files\Microsoft SQL Server\110\Tools\Binn\;C:\Program Files (x86)\Microsoft SDKs\TypeScript\1.0\;C:\Program Files\Microsoft SQL Server\120\Tools\Binn\;D:\Installs\Node.JS\;C:\Program Files\Git\cmd;C:\Program Files\Intel\WiFi\bin\;C:\Program Files\Common Files\Intel\WirelessCommon\;C:\Users\skuppuraju\AppData\Roaming\npm;C:\Program Files (x86)\Microsoft VS Code\bin;D:\Installs\eclipse;;."/>
    <property name="java.vendor.url" value="http://www.ibm.com/"/>
    <property name="java.vm.vendor" value="IBM Corporation"/>
    <property name="java.fullversion" value="JRE 1.8.0 IBM J9 2.8 Windows 7 amd64-64 Compressed References 20160719_312156 (JIT enabled, AOT enabled)
J9VM - R28_Java8_SR3_20160719_1144_B312156
JIT  - tr.r14.java_20160629_120284.01
GC   - R28_Java8_SR3_20160719_1144_B312156_CMPRSS
J9CL - 20160719_312156"/>
    <property name="maven.home" value="C:\Users\skuppuraju\Downloads\javainterview (1)\javainterview\EMBEDDED"/>
    <property name="java.runtime.name" value="Java(TM) SE Runtime Environment"/>
    <property name="sun.java.command" value="org.codehaus.plexus.classworlds.launcher.Launcher -B clean compile install"/>
    <property name="java.class.path" value="/D:/Installs/eclipse/plugins/org.eclipse.m2e.maven.runtime_1.7.0.20160603-1931/jars/plexus-classworlds-2.5.2.jar"/>
    <property name="java.vm.specification.name" value="Java Virtual Machine Specification"/>
    <property name="java.vm.specification.version" value="1.8"/>
    <property name="sun.cpu.endian" value="little"/>
    <property name="java.io.tmpdir" value="C:\Users\SKUPPU~1\AppData\Local\Temp\"/>
    <property name="maven.multiModuleProjectDirectory" value="C:\Users\skuppuraju\Downloads\javainterview (1)\javainterview"/>
    <property name="ibm.system.encoding" value="Cp1252"/>
    <property name="os.arch" value="amd64"/>
    <property name="java.awt.graphicsenv" value="sun.awt.Win32GraphicsEnvironment"/>
    <property name="ibm.signalhandling.rs" value="false"/>
    <property name="java.ext.dirs" value="D:\Installs\IBM_WebSphere\ibm_sdk80\jre\lib\ext"/>
    <property name="user.dir" value="C:\Users\skuppuraju\Downloads\javainterview (1)\javainterview"/>
    <property name="line.separator" value="
"/>
    <property name="java.vm.name" value="IBM J9 VM"/>
    <property name="com.ibm.oti.shared.enabled" value="false"/>
    <property name="com.ibm.vm.bitmode" value="64"/>
    <property name="file.encoding" value="Cp1252"/>
    <property name="com.ibm.oti.configuration" value="scar"/>
    <property name="com.ibm.oti.jcl.build" value="20160719_312156"/>
    <property name="java.specification.version" value="1.8"/>
  </properties>
  <testcase classname="interview.exception.TestAccountException" name="testGenerateException_NullErrorCode" time="0.358"/>
  <testcase classname="interview.exception.TestAccountException" name="testGenerateException_ValidErrorCodeWithMultipleParams" time="0"/>
  <testcase classname="interview.exception.TestAccountException" name="testGenerateException_ValidErrorCodeWithNullParam" time="0"/>
  <testcase classname="interview.exception.TestAccountException" name="testGenerateExceptionFromThrowable_NullArgs" time="0"/>
  <testcase classname="interview.exception.TestAccountException" name="testGenerateExceptionFromThrowable_ValidErrorCodeAndException" time="0"/>
  <testcase classname="interview.exception.TestAccountException" name="testGenerateException_NullErrorCodeWithMultipleParams" time="0"/>
  <testcase classname="interview.exception.TestAccountException" name="testGenerateExceptionFromThrowable_NullErrorCodeValidException" time="0"/>
  <testcase classname="interview.exception.TestAccountException" name="testGenerateException_NullErrorCodeWithParam" time="0"/>
  <testcase classname="interview.exception.TestAccountException" name="testGenerateException_NullArgs" time="0.001"/>
</testsuite>